<?xml version="1.0" encoding="UTF-8"?>
<!-- Generated by org.testng.reporters.JUnitReportReporter -->
<testsuite hostname="SEQC05" name="com.beaconpro.test.acopening.RDOpeningWithCashorTransfer" tests="6" failures="0" timestamp="5 Jul 2016 12:37:01 GMT" time="76.531" errors="0">
  <testcase name="Open_URL_AND_Login_BEACONPRO" time="12.595" classname="com.beaconpro.test.acopening.RDOpeningWithCashorTransfer"/>
  <testcase name="RD_General_Tab_NomineeTab_OperatorTab_RepaymentTab" time="40.807" classname="com.beaconpro.test.acopening.RDOpeningWithCashorTransfer"/>
  <testcase name="TransferModeSelection" time="10.868" classname="com.beaconpro.test.acopening.RDOpeningWithCashorTransfer"/>
  <testcase name="excelreading" time="0.140" classname="com.beaconpro.test.acopening.RDOpeningWithCashorTransfer"/>
  <testcase name="RD_Account_Opening_Window" time="0.061" classname="com.beaconpro.test.acopening.RDOpeningWithCashorTransfer"/>
  <testcase name="Add_Customer_Customer_SearchWindow" time="12.060" classname="com.beaconpro.test.acopening.RDOpeningWithCashorTransfer"/>
</testsuite> <!-- com.beaconpro.test.acopening.RDOpeningWithCashorTransfer -->
