<?xml version="1.0" encoding="UTF-8"?>
<!-- Generated by org.testng.reporters.JUnitReportReporter -->
<testsuite hostname="SEQC05" name="com.beaconpro.config.Sample_screenshot" tests="2" failures="0" timestamp="1 Jul 2016 09:04:51 GMT" time="11.035" errors="0">
  <testcase name="open_beaconpro_url_and_login" time="5.449" classname="com.beaconpro.config.Sample_screenshot"/>
  <testcase name="opening_firefox" time="5.586" classname="com.beaconpro.config.Sample_screenshot"/>
</testsuite> <!-- com.beaconpro.config.Sample_screenshot -->
