<?xml version="1.0" encoding="UTF-8"?>
<!-- Generated by org.testng.reporters.JUnitReportReporter -->
<testsuite hostname="SEQC05" name="com.beaconpro.module.uiobject.clearing.Sample_outstationClear" tests="3" failures="0" timestamp="24 Jun 2016 10:39:52 GMT" time="34.843" errors="0">
  <testcase name="OutstationClear" time="23.999" classname="com.beaconpro.module.uiobject.clearing.Sample_outstationClear"/>
  <testcase name="open_beaconpro_url_and_login" time="4.891" classname="com.beaconpro.module.uiobject.clearing.Sample_outstationClear"/>
  <testcase name="opening_firefox" time="5.953" classname="com.beaconpro.module.uiobject.clearing.Sample_outstationClear"/>
</testsuite> <!-- com.beaconpro.module.uiobject.clearing.Sample_outstationClear -->
