<?xml version="1.0" encoding="UTF-8"?>
<!-- Generated by org.testng.reporters.JUnitReportReporter -->
<testsuite hostname="SEQC05" name="com.beaconpro.test.acopening.SBOpening" tests="7" failures="0" timestamp="1 Dec 2016 04:24:45 GMT" time="58.126" errors="2">
  <testcase name="customer_adding_and_general_tab_edits" time="0.000" classname="com.beaconpro.test.acopening.SBOpening"/>
  <testcase name="opening_firefox" time="57.765" classname="com.beaconpro.test.acopening.SBOpening">
    <error type="org.openqa.selenium.WebDriverException" message="Failed to connect to binary FirefoxBinary(C:\Program Files (x86)\Mozilla Firefox\firefox.exe) on port 7055; process output follows: 
eator&quot;:&quot;Mozilla&quot;,&quot;homepageURL&quot;:null,&quot;contributors&quot;:[&quot;Mozilla Contributors&quot;]},&quot;visible&quot;:true,&quot;active&quot;:true,&quot;userDisabled&quot;:false,&quot;appDisabled&quot;:false,&quot;descriptor&quot;:&quot;C:\\Program Files (x86)\\Mozilla Firefox\\browser\\extensions\\{972ce4c6-7e08-4474-a285-3208198ce6fd}.xpi&quot;,&quot;installDate&quot;:1448865366380,&quot;updateDate&quot;:1474351996591,&quot;applyBackgroundUpdates&quot;:1,&quot;skinnable&quot;:true,&quot;size&quot;:21905,&quot;sourceURI&quot;:null,&quot;releaseNotesURI&quot;:null,&quot;softDisabled&quot;:false,&quot;foreignInstall&quot;:false,&quot;hasBinaryComponents&quot;:false,&quot;strictCompatibility&quot;:true,&quot;locales&quot;:[],&quot;targetApplications&quot;:[{&quot;id&quot;:&quot;{ec8030f7-c20a-464f-9b0e-13a3a9e97384}&quot;,&quot;minVersion&quot;:&quot;48.0.2&quot;,&quot;maxVersion&quot;:&quot;48.0.2&quot;}],&quot;targetPlatforms&quot;:[],&quot;seen&quot;:true}
1480566239592	DeferredSave.extensions.json	DEBUG	Save changes
1480566239592	addons.xpi	DEBUG	Updating database with changes to installed add-ons
1480566239592	addons.xpi-utils	DEBUG	Updating add-on states
1480566239595	addons.xpi-utils	DEBUG	Writing add-ons list
1480566239599	addons.xpi	DEBUG	Registering manifest for C:\Users\yadhu\AppData\Local\Temp\anonymous1434148390130501707webdriver-profile\extensions\firebug@software.joehewitt.com.xpi
1480566239600	addons.xpi	DEBUG	Calling bootstrap method startup on firebug@software.joehewitt.com version 2.0.18
1480566239608	addons.xpi	DEBUG	Registering manifest for C:\Program Files (x86)\Mozilla Firefox\browser\features\e10srollout@mozilla.org.xpi
1480566239608	addons.xpi	DEBUG	Loading bootstrap scope from C:\Program Files (x86)\Mozilla Firefox\browser\features\e10srollout@mozilla.org.xpi
1480566239615	addons.xpi	DEBUG	Calling bootstrap method startup on e10srollout@mozilla.org version 1.1
1480566239615	addons.xpi	DEBUG	Registering manifest for C:\Program Files (x86)\Mozilla Firefox\browser\features\firefox@getpocket.com.xpi
1480566239616	addons.xpi	DEBUG	Loading bootstrap scope from C:\Program Files (x86)\Mozilla Firefox\browser\features\firefox@getpocket.com.xpi
1480566239618	addons.xpi	DEBUG	Calling bootstrap method startup on firefox@getpocket.com version 1.0.4
1480566239619	addons.xpi	DEBUG	Registering manifest for C:\Program Files (x86)\Mozilla Firefox\browser\features\loop@mozilla.org.xpi
1480566239619	addons.xpi	DEBUG	Loading bootstrap scope from C:\Program Files (x86)\Mozilla Firefox\browser\features\loop@mozilla.org.xpi
1480566239624	addons.xpi	DEBUG	Calling bootstrap method startup on loop@mozilla.org version 1.4.4
1480566239637	addons.manager	DEBUG	Registering shutdown blocker for XPIProvider
1480566239638	addons.manager	DEBUG	Provider finished startup: XPIProvider
1480566239638	addons.manager	DEBUG	Starting provider: LightweightThemeManager
1480566239638	addons.manager	DEBUG	Registering shutdown blocker for LightweightThemeManager
1480566239638	addons.manager	DEBUG	Provider finished startup: LightweightThemeManager
1480566239638	addons.manager	DEBUG	Starting provider: GMPProvider
1480566239644	addons.manager	DEBUG	Registering shutdown blocker for GMPProvider
1480566239644	addons.manager	DEBUG	Provider finished startup: GMPProvider
1480566239644	addons.manager	DEBUG	Starting provider: PluginProvider
1480566239644	addons.manager	DEBUG	Registering shutdown blocker for PluginProvider
1480566239644	addons.manager	DEBUG	Provider finished startup: PluginProvider
1480566239645	addons.manager	DEBUG	Completed startup sequence
1480566239764	addons.manager	DEBUG	Starting provider: &lt;unnamed-provider&gt;
1480566239764	addons.manager	DEBUG	Registering shutdown blocker for &lt;unnamed-provider&gt;
1480566239764	addons.manager	DEBUG	Provider finished startup: &lt;unnamed-provider&gt;
1480566239765	DeferredSave.extensions.json	DEBUG	Starting write
1480566239825	addons.manager	DEBUG	Starting provider: PreviousExperimentProvider
1480566239825	addons.manager	DEBUG	Registering shutdown blocker for PreviousExperimentProvider
1480566239826	addons.manager	DEBUG	Provider finished startup: PreviousExperimentProvider
1480566239828	DeferredSave.extensions.json	DEBUG	Write succeeded
JavaScript error: chrome://selenium-ide/content/selenium-ide-overlay.js, line 274: ReferenceError: Application is not defined

Build info: version: &#039;2.53.0&#039;, revision: &#039;35ae25b1534ae328c771e0856c93e187490ca824&#039;, time: &#039;2016-03-15 10:43:46&#039;
System info: host: &#039;SEQC05&#039;, ip: &#039;192.168.0.27&#039;, os.name: &#039;Windows 7&#039;, os.arch: &#039;amd64&#039;, os.version: &#039;6.1&#039;, java.version: &#039;1.8.0_25&#039;
Driver info: driver.version: FirefoxDriver">
      <![CDATA[org.openqa.selenium.WebDriverException: Failed to connect to binary FirefoxBinary(C:\Program Files (x86)\Mozilla Firefox\firefox.exe) on port 7055; process output follows: 
eator":"Mozilla","homepageURL":null,"contributors":["Mozilla Contributors"]},"visible":true,"active":true,"userDisabled":false,"appDisabled":false,"descriptor":"C:\\Program Files (x86)\\Mozilla Firefox\\browser\\extensions\\{972ce4c6-7e08-4474-a285-3208198ce6fd}.xpi","installDate":1448865366380,"updateDate":1474351996591,"applyBackgroundUpdates":1,"skinnable":true,"size":21905,"sourceURI":null,"releaseNotesURI":null,"softDisabled":false,"foreignInstall":false,"hasBinaryComponents":false,"strictCompatibility":true,"locales":[],"targetApplications":[{"id":"{ec8030f7-c20a-464f-9b0e-13a3a9e97384}","minVersion":"48.0.2","maxVersion":"48.0.2"}],"targetPlatforms":[],"seen":true}
1480566239592	DeferredSave.extensions.json	DEBUG	Save changes
1480566239592	addons.xpi	DEBUG	Updating database with changes to installed add-ons
1480566239592	addons.xpi-utils	DEBUG	Updating add-on states
1480566239595	addons.xpi-utils	DEBUG	Writing add-ons list
1480566239599	addons.xpi	DEBUG	Registering manifest for C:\Users\yadhu\AppData\Local\Temp\anonymous1434148390130501707webdriver-profile\extensions\firebug@software.joehewitt.com.xpi
1480566239600	addons.xpi	DEBUG	Calling bootstrap method startup on firebug@software.joehewitt.com version 2.0.18
1480566239608	addons.xpi	DEBUG	Registering manifest for C:\Program Files (x86)\Mozilla Firefox\browser\features\e10srollout@mozilla.org.xpi
1480566239608	addons.xpi	DEBUG	Loading bootstrap scope from C:\Program Files (x86)\Mozilla Firefox\browser\features\e10srollout@mozilla.org.xpi
1480566239615	addons.xpi	DEBUG	Calling bootstrap method startup on e10srollout@mozilla.org version 1.1
1480566239615	addons.xpi	DEBUG	Registering manifest for C:\Program Files (x86)\Mozilla Firefox\browser\features\firefox@getpocket.com.xpi
1480566239616	addons.xpi	DEBUG	Loading bootstrap scope from C:\Program Files (x86)\Mozilla Firefox\browser\features\firefox@getpocket.com.xpi
1480566239618	addons.xpi	DEBUG	Calling bootstrap method startup on firefox@getpocket.com version 1.0.4
1480566239619	addons.xpi	DEBUG	Registering manifest for C:\Program Files (x86)\Mozilla Firefox\browser\features\loop@mozilla.org.xpi
1480566239619	addons.xpi	DEBUG	Loading bootstrap scope from C:\Program Files (x86)\Mozilla Firefox\browser\features\loop@mozilla.org.xpi
1480566239624	addons.xpi	DEBUG	Calling bootstrap method startup on loop@mozilla.org version 1.4.4
1480566239637	addons.manager	DEBUG	Registering shutdown blocker for XPIProvider
1480566239638	addons.manager	DEBUG	Provider finished startup: XPIProvider
1480566239638	addons.manager	DEBUG	Starting provider: LightweightThemeManager
1480566239638	addons.manager	DEBUG	Registering shutdown blocker for LightweightThemeManager
1480566239638	addons.manager	DEBUG	Provider finished startup: LightweightThemeManager
1480566239638	addons.manager	DEBUG	Starting provider: GMPProvider
1480566239644	addons.manager	DEBUG	Registering shutdown blocker for GMPProvider
1480566239644	addons.manager	DEBUG	Provider finished startup: GMPProvider
1480566239644	addons.manager	DEBUG	Starting provider: PluginProvider
1480566239644	addons.manager	DEBUG	Registering shutdown blocker for PluginProvider
1480566239644	addons.manager	DEBUG	Provider finished startup: PluginProvider
1480566239645	addons.manager	DEBUG	Completed startup sequence
1480566239764	addons.manager	DEBUG	Starting provider: <unnamed-provider>
1480566239764	addons.manager	DEBUG	Registering shutdown blocker for <unnamed-provider>
1480566239764	addons.manager	DEBUG	Provider finished startup: <unnamed-provider>
1480566239765	DeferredSave.extensions.json	DEBUG	Starting write
1480566239825	addons.manager	DEBUG	Starting provider: PreviousExperimentProvider
1480566239825	addons.manager	DEBUG	Registering shutdown blocker for PreviousExperimentProvider
1480566239826	addons.manager	DEBUG	Provider finished startup: PreviousExperimentProvider
1480566239828	DeferredSave.extensions.json	DEBUG	Write succeeded
JavaScript error: chrome://selenium-ide/content/selenium-ide-overlay.js, line 274: ReferenceError: Application is not defined

Build info: version: '2.53.0', revision: '35ae25b1534ae328c771e0856c93e187490ca824', time: '2016-03-15 10:43:46'
System info: host: 'SEQC05', ip: '192.168.0.27', os.name: 'Windows 7', os.arch: 'amd64', os.version: '6.1', java.version: '1.8.0_25'
Driver info: driver.version: FirefoxDriver
	at org.openqa.selenium.firefox.internal.NewProfileExtensionConnection.start(NewProfileExtensionConnection.java:125)
	at org.openqa.selenium.firefox.FirefoxDriver.startClient(FirefoxDriver.java:271)
	at org.openqa.selenium.remote.RemoteWebDriver.<init>(RemoteWebDriver.java:119)
	at org.openqa.selenium.firefox.FirefoxDriver.<init>(FirefoxDriver.java:216)
	at org.openqa.selenium.firefox.FirefoxDriver.<init>(FirefoxDriver.java:211)
	at org.openqa.selenium.firefox.FirefoxDriver.<init>(FirefoxDriver.java:207)
	at org.openqa.selenium.firefox.FirefoxDriver.<init>(FirefoxDriver.java:124)
	at com.beaconpro.test.acopening.SBOpening.opening_firefox(SBOpening.java:119)
	at sun.reflect.NativeMethodAccessorImpl.invoke0(Native Method)
	at sun.reflect.NativeMethodAccessorImpl.invoke(Unknown Source)
	at sun.reflect.DelegatingMethodAccessorImpl.invoke(Unknown Source)
	at java.lang.reflect.Method.invoke(Unknown Source)
	at org.testng.internal.MethodInvocationHelper.invokeMethod(MethodInvocationHelper.java:85)
	at org.testng.internal.Invoker.invokeMethod(Invoker.java:639)
	at org.testng.internal.Invoker.invokeTestMethod(Invoker.java:816)
	at org.testng.internal.Invoker.invokeTestMethods(Invoker.java:1124)
	at org.testng.internal.TestMethodWorker.invokeTestMethods(TestMethodWorker.java:125)
	at org.testng.internal.TestMethodWorker.run(TestMethodWorker.java:108)
	at org.testng.TestRunner.privateRun(TestRunner.java:774)
	at org.testng.TestRunner.run(TestRunner.java:624)
	at org.testng.SuiteRunner.runTest(SuiteRunner.java:359)
	at org.testng.SuiteRunner.runSequentially(SuiteRunner.java:354)
	at org.testng.SuiteRunner.privateRun(SuiteRunner.java:312)
	at org.testng.SuiteRunner.run(SuiteRunner.java:261)
	at org.testng.SuiteRunnerWorker.runSuite(SuiteRunnerWorker.java:52)
	at org.testng.SuiteRunnerWorker.run(SuiteRunnerWorker.java:86)
	at org.testng.TestNG.runSuitesSequentially(TestNG.java:1215)
	at org.testng.TestNG.runSuitesLocally(TestNG.java:1140)
	at org.testng.TestNG.run(TestNG.java:1048)
	at org.testng.remote.RemoteTestNG.run(RemoteTestNG.java:112)
	at org.testng.remote.RemoteTestNG.initAndRun(RemoteTestNG.java:205)
	at org.testng.remote.RemoteTestNG.main(RemoteTestNG.java:176)
Caused by: org.openqa.selenium.firefox.NotConnectedException: Unable to connect to host 127.0.0.1 on port 7055 after 45000 ms. Firefox console output:
eator":"Mozilla","homepageURL":null,"contributors":["Mozilla Contributors"]},"visible":true,"active":true,"userDisabled":false,"appDisabled":false,"descriptor":"C:\\Program Files (x86)\\Mozilla Firefox\\browser\\extensions\\{972ce4c6-7e08-4474-a285-3208198ce6fd}.xpi","installDate":1448865366380,"updateDate":1474351996591,"applyBackgroundUpdates":1,"skinnable":true,"size":21905,"sourceURI":null,"releaseNotesURI":null,"softDisabled":false,"foreignInstall":false,"hasBinaryComponents":false,"strictCompatibility":true,"locales":[],"targetApplications":[{"id":"{ec8030f7-c20a-464f-9b0e-13a3a9e97384}","minVersion":"48.0.2","maxVersion":"48.0.2"}],"targetPlatforms":[],"seen":true}
1480566239592	DeferredSave.extensions.json	DEBUG	Save changes
1480566239592	addons.xpi	DEBUG	Updating database with changes to installed add-ons
1480566239592	addons.xpi-utils	DEBUG	Updating add-on states
1480566239595	addons.xpi-utils	DEBUG	Writing add-ons list
1480566239599	addons.xpi	DEBUG	Registering manifest for C:\Users\yadhu\AppData\Local\Temp\anonymous1434148390130501707webdriver-profile\extensions\firebug@software.joehewitt.com.xpi
1480566239600	addons.xpi	DEBUG	Calling bootstrap method startup on firebug@software.joehewitt.com version 2.0.18
1480566239608	addons.xpi	DEBUG	Registering manifest for C:\Program Files (x86)\Mozilla Firefox\browser\features\e10srollout@mozilla.org.xpi
1480566239608	addons.xpi	DEBUG	Loading bootstrap scope from C:\Program Files (x86)\Mozilla Firefox\browser\features\e10srollout@mozilla.org.xpi
1480566239615	addons.xpi	DEBUG	Calling bootstrap method startup on e10srollout@mozilla.org version 1.1
1480566239615	addons.xpi	DEBUG	Registering manifest for C:\Program Files (x86)\Mozilla Firefox\browser\features\firefox@getpocket.com.xpi
1480566239616	addons.xpi	DEBUG	Loading bootstrap scope from C:\Program Files (x86)\Mozilla Firefox\browser\features\firefox@getpocket.com.xpi
1480566239618	addons.xpi	DEBUG	Calling bootstrap method startup on firefox@getpocket.com version 1.0.4
1480566239619	addons.xpi	DEBUG	Registering manifest for C:\Program Files (x86)\Mozilla Firefox\browser\features\loop@mozilla.org.xpi
1480566239619	addons.xpi	DEBUG	Loading bootstrap scope from C:\Program Files (x86)\Mozilla Firefox\browser\features\loop@mozilla.org.xpi
1480566239624	addons.xpi	DEBUG	Calling bootstrap method startup on loop@mozilla.org version 1.4.4
1480566239637	addons.manager	DEBUG	Registering shutdown blocker for XPIProvider
1480566239638	addons.manager	DEBUG	Provider finished startup: XPIProvider
1480566239638	addons.manager	DEBUG	Starting provider: LightweightThemeManager
1480566239638	addons.manager	DEBUG	Registering shutdown blocker for LightweightThemeManager
1480566239638	addons.manager	DEBUG	Provider finished startup: LightweightThemeManager
1480566239638	addons.manager	DEBUG	Starting provider: GMPProvider
1480566239644	addons.manager	DEBUG	Registering shutdown blocker for GMPProvider
1480566239644	addons.manager	DEBUG	Provider finished startup: GMPProvider
1480566239644	addons.manager	DEBUG	Starting provider: PluginProvider
1480566239644	addons.manager	DEBUG	Registering shutdown blocker for PluginProvider
1480566239644	addons.manager	DEBUG	Provider finished startup: PluginProvider
1480566239645	addons.manager	DEBUG	Completed startup sequence
1480566239764	addons.manager	DEBUG	Starting provider: <unnamed-provider>
1480566239764	addons.manager	DEBUG	Registering shutdown blocker for <unnamed-provider>
1480566239764	addons.manager	DEBUG	Provider finished startup: <unnamed-provider>
1480566239765	DeferredSave.extensions.json	DEBUG	Starting write
1480566239825	addons.manager	DEBUG	Starting provider: PreviousExperimentProvider
1480566239825	addons.manager	DEBUG	Registering shutdown blocker for PreviousExperimentProvider
1480566239826	addons.manager	DEBUG	Provider finished startup: PreviousExperimentProvider
1480566239828	DeferredSave.extensions.json	DEBUG	Write succeeded
JavaScript error: chrome://selenium-ide/content/selenium-ide-overlay.js, line 274: ReferenceError: Application is not defined

	at org.openqa.selenium.firefox.internal.NewProfileExtensionConnection.start(NewProfileExtensionConnection.java:113)
	... 31 more
]]>
    </error>
  </testcase> <!-- opening_firefox -->
  <testcase name="open_beaconpro_url_and_login" time="0.015" classname="com.beaconpro.test.acopening.SBOpening">
    <error type="java.lang.NullPointerException">
      <![CDATA[java.lang.NullPointerException
	at com.beaconpro.module.uiobject.login.LoginPage.openUrlFor102(LoginPage.java:146)
	at com.beaconpro.test.acopening.SBOpening.open_beaconpro_url_and_login(SBOpening.java:126)
	at sun.reflect.NativeMethodAccessorImpl.invoke0(Native Method)
	at sun.reflect.NativeMethodAccessorImpl.invoke(Unknown Source)
	at sun.reflect.DelegatingMethodAccessorImpl.invoke(Unknown Source)
	at java.lang.reflect.Method.invoke(Unknown Source)
	at org.testng.internal.MethodInvocationHelper.invokeMethod(MethodInvocationHelper.java:85)
	at org.testng.internal.Invoker.invokeMethod(Invoker.java:639)
	at org.testng.internal.Invoker.invokeTestMethod(Invoker.java:816)
	at org.testng.internal.Invoker.invokeTestMethods(Invoker.java:1124)
	at org.testng.internal.TestMethodWorker.invokeTestMethods(TestMethodWorker.java:125)
	at org.testng.internal.TestMethodWorker.run(TestMethodWorker.java:108)
	at org.testng.TestRunner.privateRun(TestRunner.java:774)
	at org.testng.TestRunner.run(TestRunner.java:624)
	at org.testng.SuiteRunner.runTest(SuiteRunner.java:359)
	at org.testng.SuiteRunner.runSequentially(SuiteRunner.java:354)
	at org.testng.SuiteRunner.privateRun(SuiteRunner.java:312)
	at org.testng.SuiteRunner.run(SuiteRunner.java:261)
	at org.testng.SuiteRunnerWorker.runSuite(SuiteRunnerWorker.java:52)
	at org.testng.SuiteRunnerWorker.run(SuiteRunnerWorker.java:86)
	at org.testng.TestNG.runSuitesSequentially(TestNG.java:1215)
	at org.testng.TestNG.runSuitesLocally(TestNG.java:1140)
	at org.testng.TestNG.run(TestNG.java:1048)
	at org.testng.remote.RemoteTestNG.run(RemoteTestNG.java:112)
	at org.testng.remote.RemoteTestNG.initAndRun(RemoteTestNG.java:205)
	at org.testng.remote.RemoteTestNG.main(RemoteTestNG.java:176)
]]>
    </error>
  </testcase> <!-- open_beaconpro_url_and_login -->
  <testcase name="ReadFromExcel" time="0.329" classname="com.beaconpro.test.acopening.SBOpening"/>
  <testcase name="transmode" time="0.001" classname="com.beaconpro.test.acopening.SBOpening"/>
  <testcase name="SB_opening_window" time="0.016" classname="com.beaconpro.test.acopening.SBOpening"/>
  <testcase name="customer_search_window" time="0.000" classname="com.beaconpro.test.acopening.SBOpening"/>
</testsuite> <!-- com.beaconpro.test.acopening.SBOpening -->
